Arguments: 
  /usr/bin/node /home/alcatraz627/.npm-global/bin/yarn add semantic-ui-css

PATH: 
  /home/alcatraz627/.npm-global/bin:/usr/local/sbin:/usr/local/bin:/usr/sbin:/usr/bin:/sbin:/bin:/usr/games:/usr/local/games:/snap/bin

Yarn version: 
  1.16.0

Node version: 
  12.4.0

Platform: 
  linux x64

Trace: 
  Error: ENOTEMPTY: directory not empty, rmdir '/media/alcatraz627/Delta/Code/React/Blog/node_modules/node-sass/vendor/linux-x64-72'

npm manifest: 
  {
    "name": "blog",
    "version": "1.0.0",
    "main": "index.js",
    "license": "MIT",
    "dependencies": {
      "css-loader": "^3.0.0",
      "file-loader": "^4.0.0",
      "lodash": "^4.17.11",
      "node-sass": "^4.12.0",
      "react": "^16.8.6",
      "react-dom": "^16.8.6",
      "sass-loader": "^7.1.0",
      "style-loader": "^0.23.1",
      "url-loader": "^2.0.0"
    },
    "scripts": {
      "start": "webpack-dev-server --config ./webpack.config.js --mode development",
      "build": "webpack --mode production"
    },
    "devDependencies": {
      "@babel/core": "^7.4.5",
      "@babel/preset-env": "^7.4.5",
      "@babel/preset-react": "^7.0.0",
      "babel-loader": "^8.0.6",
      "react-hot-loader": "^4.11.0",
      "webpack": "^4.33.0",
      "webpack-cli": "^3.3.4",
      "webpack-dev-server": "^3.7.1"
    }
  }

yarn manifest: 
  No manifest

Lockfile: 
  No lockfile
